{"/Users/arunkramachandran/Learning/Overstock/src/App.jsx": {"path":"/Users/arunkramachandran/Learning/Overstock/src/App.jsx","statementMap":{"0":{"start":{"line":7,"column":4},"end":{"line":7,"column":17}},"1":{"start":{"line":8,"column":4},"end":{"line":8,"column":20}},"2":{"start":{"line":12,"column":4},"end":{"line":12,"column":59}}},"fnMap":{"0":{"name":"(anonymous_0)","decl":{"start":{"line":6,"column":2},"end":{"line":6,"column":3}},"loc":{"start":{"line":6,"column":21},"end":{"line":9,"column":3}},"line":6},"1":{"name":"(anonymous_1)","decl":{"start":{"line":11,"column":2},"end":{"line":11,"column":3}},"loc":{"start":{"line":11,"column":11},"end":{"line":13,"column":3}},"line":11}},"branchMap":{},"s":{"0":1,"1":1,"2":1},"f":{"0":1,"1":1},"b":{},"_coverageSchema":"43e27e138ebf9cfc5966b082cf9a028302ed4184","hash":"975d0cf4eee808a13bd8cf7d1acf3760afc63e69"}
,"/Users/arunkramachandran/Learning/Overstock/src/actions/index.js": {"path":"/Users/arunkramachandran/Learning/Overstock/src/actions/index.js","statementMap":{"0":{"start":{"line":4,"column":25},"end":{"line":20,"column":1}},"1":{"start":{"line":5,"column":4},"end":{"line":19,"column":5}},"2":{"start":{"line":6,"column":8},"end":{"line":6,"column":36}},"3":{"start":{"line":7,"column":8},"end":{"line":18,"column":14}},"4":{"start":{"line":11,"column":16},"end":{"line":11,"column":54}},"5":{"start":{"line":12,"column":30},"end":{"line":12,"column":55}},"6":{"start":{"line":13,"column":16},"end":{"line":13,"column":60}},"7":{"start":{"line":14,"column":16},"end":{"line":14,"column":32}},"8":{"start":{"line":17,"column":16},"end":{"line":17,"column":44}},"9":{"start":{"line":22,"column":35},"end":{"line":25,"column":2}},"10":{"start":{"line":22,"column":53},"end":{"line":25,"column":1}},"11":{"start":{"line":27,"column":31},"end":{"line":29,"column":2}},"12":{"start":{"line":27,"column":38},"end":{"line":29,"column":1}},"13":{"start":{"line":31,"column":25},"end":{"line":37,"column":2}},"14":{"start":{"line":31,"column":51},"end":{"line":37,"column":1}},"15":{"start":{"line":39,"column":25},"end":{"line":41,"column":2}},"16":{"start":{"line":39,"column":32},"end":{"line":41,"column":1}}},"fnMap":{"0":{"name":"(anonymous_0)","decl":{"start":{"line":4,"column":25},"end":{"line":4,"column":26}},"loc":{"start":{"line":4,"column":40},"end":{"line":20,"column":1}},"line":4},"1":{"name":"(anonymous_1)","decl":{"start":{"line":5,"column":11},"end":{"line":5,"column":12}},"loc":{"start":{"line":5,"column":23},"end":{"line":19,"column":5}},"line":5},"2":{"name":"(anonymous_2)","decl":{"start":{"line":10,"column":18},"end":{"line":10,"column":19}},"loc":{"start":{"line":10,"column":25},"end":{"line":15,"column":13}},"line":10},"3":{"name":"(anonymous_3)","decl":{"start":{"line":16,"column":20},"end":{"line":16,"column":21}},"loc":{"start":{"line":16,"column":29},"end":{"line":18,"column":13}},"line":16},"4":{"name":"(anonymous_4)","decl":{"start":{"line":22,"column":35},"end":{"line":22,"column":36}},"loc":{"start":{"line":22,"column":53},"end":{"line":25,"column":1}},"line":22},"5":{"name":"(anonymous_5)","decl":{"start":{"line":27,"column":31},"end":{"line":27,"column":32}},"loc":{"start":{"line":27,"column":38},"end":{"line":29,"column":1}},"line":27},"6":{"name":"(anonymous_6)","decl":{"start":{"line":31,"column":25},"end":{"line":31,"column":26}},"loc":{"start":{"line":31,"column":51},"end":{"line":37,"column":1}},"line":31},"7":{"name":"(anonymous_7)","decl":{"start":{"line":39,"column":25},"end":{"line":39,"column":26}},"loc":{"start":{"line":39,"column":32},"end":{"line":41,"column":1}},"line":39}},"branchMap":{"0":{"loc":{"start":{"line":9,"column":27},"end":{"line":9,"column":52}},"type":"cond-expr","locations":[{"start":{"line":9,"column":39},"end":{"line":9,"column":48}},{"start":{"line":9,"column":51},"end":{"line":9,"column":52}}],"line":9},"1":{"loc":{"start":{"line":12,"column":30},"end":{"line":12,"column":55}},"type":"cond-expr","locations":[{"start":{"line":12,"column":42},"end":{"line":12,"column":51}},{"start":{"line":12,"column":54},"end":{"line":12,"column":55}}],"line":12}},"s":{"0":2,"1":0,"2":0,"3":0,"4":0,"5":0,"6":0,"7":0,"8":0,"9":2,"10":1,"11":2,"12":0,"13":2,"14":0,"15":2,"16":0},"f":{"0":0,"1":0,"2":0,"3":0,"4":1,"5":0,"6":0,"7":0},"b":{"0":[0,0],"1":[0,0]},"_coverageSchema":"43e27e138ebf9cfc5966b082cf9a028302ed4184","hash":"dc3a95e13d677392f825cc4b5873a7f163cf3305"}
,"/Users/arunkramachandran/Learning/Overstock/src/components/Header.jsx": {"path":"/Users/arunkramachandran/Learning/Overstock/src/components/Header.jsx","statementMap":{"0":{"start":{"line":14,"column":24},"end":{"line":24,"column":13}},"1":{"start":{"line":14,"column":45},"end":{"line":24,"column":11}},"2":{"start":{"line":25,"column":8},"end":{"line":41,"column":9}}},"fnMap":{"0":{"name":"(anonymous_0)","decl":{"start":{"line":13,"column":4},"end":{"line":13,"column":5}},"loc":{"start":{"line":13,"column":13},"end":{"line":42,"column":5}},"line":13},"1":{"name":"(anonymous_1)","decl":{"start":{"line":14,"column":35},"end":{"line":14,"column":36}},"loc":{"start":{"line":14,"column":45},"end":{"line":24,"column":11}},"line":14}},"branchMap":{},"s":{"0":0,"1":0,"2":0},"f":{"0":0,"1":0},"b":{},"_coverageSchema":"43e27e138ebf9cfc5966b082cf9a028302ed4184","hash":"9016939524ef0b06fa59d6e8ed7b44aa0c00521e"}
,"/Users/arunkramachandran/Learning/Overstock/src/components/PageLayout.jsx": {"path":"/Users/arunkramachandran/Learning/Overstock/src/components/PageLayout.jsx","statementMap":{"0":{"start":{"line":8,"column":8},"end":{"line":13,"column":9}}},"fnMap":{"0":{"name":"(anonymous_0)","decl":{"start":{"line":7,"column":4},"end":{"line":7,"column":5}},"loc":{"start":{"line":7,"column":13},"end":{"line":14,"column":5}},"line":7}},"branchMap":{},"s":{"0":1},"f":{"0":1},"b":{},"_coverageSchema":"43e27e138ebf9cfc5966b082cf9a028302ed4184","hash":"b25e0513b7efcf0cad721eba0a7cc985da80d3b9"}
,"/Users/arunkramachandran/Learning/Overstock/src/components/ProductList.jsx": {"path":"/Users/arunkramachandran/Learning/Overstock/src/components/ProductList.jsx","statementMap":{"0":{"start":{"line":12,"column":28},"end":{"line":20,"column":5}},"1":{"start":{"line":13,"column":30},"end":{"line":17,"column":10}},"2":{"start":{"line":14,"column":12},"end":{"line":16,"column":13}},"3":{"start":{"line":19,"column":8},"end":{"line":19,"column":31}},"4":{"start":{"line":23,"column":24},"end":{"line":38,"column":11}},"5":{"start":{"line":23,"column":45},"end":{"line":38,"column":9}},"6":{"start":{"line":40,"column":8},"end":{"line":65,"column":9}},"7":{"start":{"line":45,"column":28},"end":{"line":57,"column":43}},"8":{"start":{"line":45,"column":71},"end":{"line":45,"column":102}}},"fnMap":{"0":{"name":"(anonymous_0)","decl":{"start":{"line":12,"column":28},"end":{"line":12,"column":29}},"loc":{"start":{"line":12,"column":38},"end":{"line":20,"column":5}},"line":12},"1":{"name":"(anonymous_1)","decl":{"start":{"line":13,"column":39},"end":{"line":13,"column":40}},"loc":{"start":{"line":13,"column":49},"end":{"line":17,"column":9}},"line":13},"2":{"name":"(anonymous_2)","decl":{"start":{"line":22,"column":4},"end":{"line":22,"column":5}},"loc":{"start":{"line":22,"column":14},"end":{"line":66,"column":5}},"line":22},"3":{"name":"(anonymous_3)","decl":{"start":{"line":23,"column":35},"end":{"line":23,"column":36}},"loc":{"start":{"line":23,"column":45},"end":{"line":38,"column":9}},"line":23},"4":{"name":"(anonymous_4)","decl":{"start":{"line":44,"column":64},"end":{"line":44,"column":65}},"loc":{"start":{"line":45,"column":28},"end":{"line":57,"column":43}},"line":45},"5":{"name":"(anonymous_5)","decl":{"start":{"line":45,"column":65},"end":{"line":45,"column":66}},"loc":{"start":{"line":45,"column":71},"end":{"line":45,"column":102}},"line":45}},"branchMap":{"0":{"loc":{"start":{"line":44,"column":25},"end":{"line":58,"column":26}},"type":"binary-expr","locations":[{"start":{"line":44,"column":25},"end":{"line":44,"column":40}},{"start":{"line":44,"column":44},"end":{"line":58,"column":26}}],"line":44}},"s":{"0":0,"1":0,"2":0,"3":0,"4":0,"5":0,"6":0,"7":0,"8":0},"f":{"0":0,"1":0,"2":0,"3":0,"4":0,"5":0},"b":{"0":[0,0]},"_coverageSchema":"43e27e138ebf9cfc5966b082cf9a028302ed4184","hash":"9d9f43c0be7b85a799b9d6319b1ed3f770d0a2e8"}
,"/Users/arunkramachandran/Learning/Overstock/src/components/page-layout.less": {"path":"/Users/arunkramachandran/Learning/Overstock/src/components/page-layout.less","statementMap":{"0":{"start":{"line":4,"column":17},"end":{"line":4,"column":164}},"1":{"start":{"line":6,"column":4},"end":{"line":27,"column":5}},"2":{"start":{"line":7,"column":8},"end":{"line":9,"column":11}},"3":{"start":{"line":10,"column":8},"end":{"line":21,"column":11}},"4":{"start":{"line":12,"column":16},"end":{"line":14,"column":17}},"5":{"start":{"line":13,"column":20},"end":{"line":13,"column":34}},"6":{"start":{"line":15,"column":16},"end":{"line":15,"column":36}},"7":{"start":{"line":19,"column":16},"end":{"line":19,"column":30}},"8":{"start":{"line":23,"column":8},"end":{"line":25,"column":11}},"9":{"start":{"line":26,"column":8},"end":{"line":26,"column":31}}},"fnMap":{"0":{"name":"(anonymous_0)","decl":{"start":{"line":11,"column":12},"end":{"line":11,"column":13}},"loc":{"start":{"line":11,"column":30},"end":{"line":16,"column":13}},"line":11},"1":{"name":"(anonymous_1)","decl":{"start":{"line":18,"column":12},"end":{"line":18,"column":13}},"loc":{"start":{"line":18,"column":29},"end":{"line":20,"column":13}},"line":18}},"branchMap":{"0":{"loc":{"start":{"line":6,"column":4},"end":{"line":27,"column":5}},"type":"if","locations":[{"start":{"line":6,"column":4},"end":{"line":27,"column":5}},{"start":{"line":6,"column":4},"end":{"line":27,"column":5}}],"line":6},"1":{"loc":{"start":{"line":6,"column":8},"end":{"line":6,"column":44}},"type":"binary-expr","locations":[{"start":{"line":6,"column":8},"end":{"line":6,"column":34}},{"start":{"line":6,"column":38},"end":{"line":6,"column":44}}],"line":6},"2":{"loc":{"start":{"line":12,"column":16},"end":{"line":14,"column":17}},"type":"if","locations":[{"start":{"line":12,"column":16},"end":{"line":14,"column":17}},{"start":{"line":12,"column":16},"end":{"line":14,"column":17}}],"line":12}},"s":{"0":1,"1":1,"2":1,"3":1,"4":0,"5":0,"6":0,"7":0,"8":0,"9":0},"f":{"0":0,"1":0},"b":{"0":[1,0],"1":[1,1],"2":[0,0]},"_coverageSchema":"43e27e138ebf9cfc5966b082cf9a028302ed4184","hash":"98fad49888d38c29fa823667e77a468a97201043"}
,"/Users/arunkramachandran/Learning/Overstock/src/components/product-list.less": {"path":"/Users/arunkramachandran/Learning/Overstock/src/components/product-list.less","statementMap":{"0":{"start":{"line":4,"column":17},"end":{"line":4,"column":19}},"1":{"start":{"line":6,"column":4},"end":{"line":27,"column":5}},"2":{"start":{"line":7,"column":8},"end":{"line":9,"column":11}},"3":{"start":{"line":10,"column":8},"end":{"line":21,"column":11}},"4":{"start":{"line":12,"column":16},"end":{"line":14,"column":17}},"5":{"start":{"line":13,"column":20},"end":{"line":13,"column":34}},"6":{"start":{"line":15,"column":16},"end":{"line":15,"column":36}},"7":{"start":{"line":19,"column":16},"end":{"line":19,"column":30}},"8":{"start":{"line":23,"column":8},"end":{"line":25,"column":11}},"9":{"start":{"line":26,"column":8},"end":{"line":26,"column":31}}},"fnMap":{"0":{"name":"(anonymous_0)","decl":{"start":{"line":11,"column":12},"end":{"line":11,"column":13}},"loc":{"start":{"line":11,"column":30},"end":{"line":16,"column":13}},"line":11},"1":{"name":"(anonymous_1)","decl":{"start":{"line":18,"column":12},"end":{"line":18,"column":13}},"loc":{"start":{"line":18,"column":29},"end":{"line":20,"column":13}},"line":18}},"branchMap":{"0":{"loc":{"start":{"line":6,"column":4},"end":{"line":27,"column":5}},"type":"if","locations":[{"start":{"line":6,"column":4},"end":{"line":27,"column":5}},{"start":{"line":6,"column":4},"end":{"line":27,"column":5}}],"line":6},"1":{"loc":{"start":{"line":6,"column":8},"end":{"line":6,"column":44}},"type":"binary-expr","locations":[{"start":{"line":6,"column":8},"end":{"line":6,"column":34}},{"start":{"line":6,"column":38},"end":{"line":6,"column":44}}],"line":6},"2":{"loc":{"start":{"line":12,"column":16},"end":{"line":14,"column":17}},"type":"if","locations":[{"start":{"line":12,"column":16},"end":{"line":14,"column":17}},{"start":{"line":12,"column":16},"end":{"line":14,"column":17}}],"line":12}},"s":{"0":1,"1":1,"2":1,"3":1,"4":0,"5":0,"6":0,"7":0,"8":0,"9":0},"f":{"0":0,"1":0},"b":{"0":[1,0],"1":[1,1],"2":[0,0]},"_coverageSchema":"43e27e138ebf9cfc5966b082cf9a028302ed4184","hash":"f99063ca1c1fbdc4ca93bfcff7676a306c8327a7"}
,"/Users/arunkramachandran/Learning/Overstock/src/components/hello-world/index.jsx": {"path":"/Users/arunkramachandran/Learning/Overstock/src/components/hello-world/index.jsx","statementMap":{"0":{"start":{"line":5,"column":19},"end":{"line":7,"column":1}},"1":{"start":{"line":6,"column":2},"end":{"line":6,"column":53}}},"fnMap":{"0":{"name":"(anonymous_0)","decl":{"start":{"line":5,"column":19},"end":{"line":5,"column":20}},"loc":{"start":{"line":6,"column":2},"end":{"line":6,"column":53}},"line":6}},"branchMap":{},"s":{"0":1,"1":0},"f":{"0":0},"b":{},"_coverageSchema":"43e27e138ebf9cfc5966b082cf9a028302ed4184","hash":"8f6b821df884890d0063c2b08cd1a6dbf30c11ad"}
,"/Users/arunkramachandran/Learning/Overstock/src/constants/constant.js": {"path":"/Users/arunkramachandran/Learning/Overstock/src/constants/constant.js","statementMap":{"0":{"start":{"line":1,"column":19},"end":{"line":1,"column":53}},"1":{"start":{"line":3,"column":33},"end":{"line":3,"column":52}},"2":{"start":{"line":4,"column":34},"end":{"line":4,"column":54}},"3":{"start":{"line":5,"column":34},"end":{"line":5,"column":54}},"4":{"start":{"line":7,"column":37},"end":{"line":7,"column":60}}},"fnMap":{},"branchMap":{},"s":{"0":4,"1":4,"2":4,"3":4,"4":4},"f":{},"b":{},"_coverageSchema":"43e27e138ebf9cfc5966b082cf9a028302ed4184","hash":"bb7c445c6dd8eace1a4165aede775d7d475fde6a"}
,"/Users/arunkramachandran/Learning/Overstock/src/containers/Home.jsx": {"path":"/Users/arunkramachandran/Learning/Overstock/src/containers/Home.jsx","statementMap":{"0":{"start":{"line":10,"column":8},"end":{"line":10,"column":77}},"1":{"start":{"line":13,"column":27},"end":{"line":16,"column":5}},"2":{"start":{"line":14,"column":8},"end":{"line":14,"column":46}},"3":{"start":{"line":15,"column":8},"end":{"line":15,"column":48}},"4":{"start":{"line":18,"column":23},"end":{"line":20,"column":5}},"5":{"start":{"line":19,"column":8},"end":{"line":19,"column":54}},"6":{"start":{"line":23,"column":8},"end":{"line":33,"column":9}},"7":{"start":{"line":37,"column":24},"end":{"line":41,"column":2}},"8":{"start":{"line":37,"column":34},"end":{"line":41,"column":1}},"9":{"start":{"line":43,"column":27},"end":{"line":46,"column":2}},"10":{"start":{"line":43,"column":40},"end":{"line":46,"column":1}},"11":{"start":{"line":44,"column":30},"end":{"line":44,"column":66}},"12":{"start":{"line":45,"column":38},"end":{"line":45,"column":82}}},"fnMap":{"0":{"name":"(anonymous_0)","decl":{"start":{"line":9,"column":4},"end":{"line":9,"column":5}},"loc":{"start":{"line":9,"column":24},"end":{"line":11,"column":5}},"line":9},"1":{"name":"(anonymous_1)","decl":{"start":{"line":13,"column":27},"end":{"line":13,"column":28}},"loc":{"start":{"line":13,"column":40},"end":{"line":16,"column":5}},"line":13},"2":{"name":"(anonymous_2)","decl":{"start":{"line":18,"column":23},"end":{"line":18,"column":24}},"loc":{"start":{"line":18,"column":29},"end":{"line":20,"column":5}},"line":18},"3":{"name":"(anonymous_3)","decl":{"start":{"line":22,"column":4},"end":{"line":22,"column":5}},"loc":{"start":{"line":22,"column":13},"end":{"line":34,"column":5}},"line":22},"4":{"name":"(anonymous_4)","decl":{"start":{"line":37,"column":24},"end":{"line":37,"column":25}},"loc":{"start":{"line":37,"column":34},"end":{"line":41,"column":1}},"line":37},"5":{"name":"(anonymous_5)","decl":{"start":{"line":43,"column":27},"end":{"line":43,"column":28}},"loc":{"start":{"line":43,"column":40},"end":{"line":46,"column":1}},"line":43},"6":{"name":"(anonymous_6)","decl":{"start":{"line":44,"column":15},"end":{"line":44,"column":16}},"loc":{"start":{"line":44,"column":30},"end":{"line":44,"column":66}},"line":44},"7":{"name":"(anonymous_7)","decl":{"start":{"line":45,"column":25},"end":{"line":45,"column":26}},"loc":{"start":{"line":45,"column":38},"end":{"line":45,"column":82}},"line":45}},"branchMap":{"0":{"loc":{"start":{"line":10,"column":8},"end":{"line":10,"column":76}},"type":"binary-expr","locations":[{"start":{"line":10,"column":8},"end":{"line":10,"column":23}},{"start":{"line":10,"column":27},"end":{"line":10,"column":50}},{"start":{"line":10,"column":54},"end":{"line":10,"column":76}}],"line":10},"1":{"loc":{"start":{"line":25,"column":20},"end":{"line":30,"column":66}},"type":"cond-expr","locations":[{"start":{"line":26,"column":20},"end":{"line":26,"column":39}},{"start":{"line":27,"column":20},"end":{"line":30,"column":66}}],"line":25},"2":{"loc":{"start":{"line":38,"column":14},"end":{"line":38,"column":70}},"type":"cond-expr","locations":[{"start":{"line":38,"column":40},"end":{"line":38,"column":63}},{"start":{"line":38,"column":65},"end":{"line":38,"column":70}}],"line":38}},"s":{"0":0,"1":0,"2":0,"3":0,"4":0,"5":0,"6":0,"7":1,"8":0,"9":1,"10":0,"11":0,"12":0},"f":{"0":0,"1":0,"2":0,"3":0,"4":0,"5":0,"6":0,"7":0},"b":{"0":[0,0,0],"1":[0,0],"2":[0,0]},"_coverageSchema":"43e27e138ebf9cfc5966b082cf9a028302ed4184","hash":"bddaf56fbb69a46f5545d74735d27257705865f5"}
,"/Users/arunkramachandran/Learning/Overstock/src/containers/ProductDashboard.jsx": {"path":"/Users/arunkramachandran/Learning/Overstock/src/containers/ProductDashboard.jsx","statementMap":{"0":{"start":{"line":12,"column":21},"end":{"line":12,"column":47}},"1":{"start":{"line":13,"column":8},"end":{"line":13,"column":50}},"2":{"start":{"line":14,"column":24},"end":{"line":33,"column":13}},"3":{"start":{"line":14,"column":45},"end":{"line":33,"column":11}},"4":{"start":{"line":35,"column":8},"end":{"line":73,"column":9}},"5":{"start":{"line":77,"column":24},"end":{"line":79,"column":2}},"6":{"start":{"line":77,"column":34},"end":{"line":79,"column":1}}},"fnMap":{"0":{"name":"(anonymous_0)","decl":{"start":{"line":11,"column":4},"end":{"line":11,"column":5}},"loc":{"start":{"line":11,"column":14},"end":{"line":74,"column":5}},"line":11},"1":{"name":"(anonymous_1)","decl":{"start":{"line":14,"column":35},"end":{"line":14,"column":36}},"loc":{"start":{"line":14,"column":45},"end":{"line":33,"column":11}},"line":14},"2":{"name":"(anonymous_2)","decl":{"start":{"line":77,"column":24},"end":{"line":77,"column":25}},"loc":{"start":{"line":77,"column":34},"end":{"line":79,"column":1}},"line":77}},"branchMap":{},"s":{"0":0,"1":0,"2":0,"3":0,"4":0,"5":1,"6":0},"f":{"0":0,"1":0,"2":0},"b":{},"_coverageSchema":"43e27e138ebf9cfc5966b082cf9a028302ed4184","hash":"5973188d3d2f8490675ec8941550200fac4dd75b"}
,"/Users/arunkramachandran/Learning/Overstock/src/reducers/appReducer.js": {"path":"/Users/arunkramachandran/Learning/Overstock/src/reducers/appReducer.js","statementMap":{"0":{"start":{"line":3,"column":21},"end":{"line":6,"column":1}},"1":{"start":{"line":8,"column":17},"end":{"line":41,"column":1}},"2":{"start":{"line":9,"column":30},"end":{"line":9,"column":36}},"3":{"start":{"line":11,"column":4},"end":{"line":40,"column":5}},"4":{"start":{"line":13,"column":12},"end":{"line":16,"column":13}},"5":{"start":{"line":19,"column":12},"end":{"line":24,"column":13}},"6":{"start":{"line":27,"column":12},"end":{"line":30,"column":13}},"7":{"start":{"line":33,"column":12},"end":{"line":36,"column":13}},"8":{"start":{"line":39,"column":12},"end":{"line":39,"column":25}}},"fnMap":{"0":{"name":"(anonymous_0)","decl":{"start":{"line":8,"column":17},"end":{"line":8,"column":18}},"loc":{"start":{"line":8,"column":53},"end":{"line":41,"column":1}},"line":8}},"branchMap":{"0":{"loc":{"start":{"line":8,"column":19},"end":{"line":8,"column":39}},"type":"default-arg","locations":[{"start":{"line":8,"column":27},"end":{"line":8,"column":39}}],"line":8},"1":{"loc":{"start":{"line":11,"column":4},"end":{"line":40,"column":5}},"type":"switch","locations":[{"start":{"line":12,"column":8},"end":{"line":16,"column":13}},{"start":{"line":18,"column":8},"end":{"line":24,"column":13}},{"start":{"line":26,"column":8},"end":{"line":30,"column":13}},{"start":{"line":32,"column":8},"end":{"line":36,"column":13}},{"start":{"line":38,"column":8},"end":{"line":39,"column":25}}],"line":11}},"s":{"0":3,"1":3,"2":11,"3":11,"4":1,"5":1,"6":1,"7":1,"8":7},"f":{"0":11},"b":{"0":[7],"1":[1,1,1,1,7]},"_coverageSchema":"43e27e138ebf9cfc5966b082cf9a028302ed4184","hash":"71d5a5f5900109539435cf5668e0e41cf8aa0877"}
,"/Users/arunkramachandran/Learning/Overstock/src/reducers/index.js": {"path":"/Users/arunkramachandran/Learning/Overstock/src/reducers/index.js","statementMap":{"0":{"start":{"line":4,"column":20},"end":{"line":6,"column":2}}},"fnMap":{},"branchMap":{},"s":{"0":2},"f":{},"b":{},"_coverageSchema":"43e27e138ebf9cfc5966b082cf9a028302ed4184","hash":"35e15822e1c78ee2728668a9f667cc1aad4827cd"}
,"/Users/arunkramachandran/Learning/Overstock/src/routes/MainRouter.jsx": {"path":"/Users/arunkramachandran/Learning/Overstock/src/routes/MainRouter.jsx","statementMap":{"0":{"start":{"line":8,"column":8},"end":{"line":13,"column":9}}},"fnMap":{"0":{"name":"(anonymous_0)","decl":{"start":{"line":7,"column":4},"end":{"line":7,"column":5}},"loc":{"start":{"line":7,"column":14},"end":{"line":14,"column":5}},"line":7}},"branchMap":{},"s":{"0":0},"f":{"0":0},"b":{},"_coverageSchema":"43e27e138ebf9cfc5966b082cf9a028302ed4184","hash":"c49fa2e17c671a06cd5904247032df78b7f8c94d"}
,"/Users/arunkramachandran/Learning/Overstock/src/store/configStore.js": {"path":"/Users/arunkramachandran/Learning/Overstock/src/store/configStore.js","statementMap":{"0":{"start":{"line":5,"column":21},"end":{"line":5,"column":23}},"1":{"start":{"line":7,"column":20},"end":{"line":13,"column":1}},"2":{"start":{"line":8,"column":4},"end":{"line":12,"column":6}},"3":{"start":{"line":15,"column":14},"end":{"line":15,"column":27}}},"fnMap":{"0":{"name":"(anonymous_0)","decl":{"start":{"line":7,"column":20},"end":{"line":7,"column":21}},"loc":{"start":{"line":7,"column":26},"end":{"line":13,"column":1}},"line":7}},"branchMap":{},"s":{"0":1,"1":1,"2":1,"3":1},"f":{"0":1},"b":{},"_coverageSchema":"43e27e138ebf9cfc5966b082cf9a028302ed4184","hash":"deac46ad24b5fb232ac9f06c6b0437a63fbbd782"}
}
