TN:
SF:/Users/arunkramachandran/Learning/Overstock/src/App.jsx
FN:6,(anonymous_0)
FN:11,(anonymous_1)
FNF:2
FNH:2
FNDA:1,(anonymous_0)
FNDA:1,(anonymous_1)
DA:7,1
DA:8,1
DA:12,1
LF:3
LH:3
BRF:0
BRH:0
end_of_record
TN:
SF:/Users/arunkramachandran/Learning/Overstock/src/actions/index.js
FN:4,(anonymous_0)
FN:5,(anonymous_1)
FN:10,(anonymous_2)
FN:15,(anonymous_3)
FN:21,(anonymous_4)
FN:25,(anonymous_5)
FN:30,(anonymous_6)
FNF:7
FNH:0
FNDA:0,(anonymous_0)
FNDA:0,(anonymous_1)
FNDA:0,(anonymous_2)
FNDA:0,(anonymous_3)
FNDA:0,(anonymous_4)
FNDA:0,(anonymous_5)
FNDA:0,(anonymous_6)
DA:4,1
DA:5,0
DA:6,0
DA:7,0
DA:11,0
DA:12,0
DA:13,0
DA:16,0
DA:21,1
DA:25,1
DA:30,1
LF:11
LH:4
BRF:0
BRH:0
end_of_record
TN:
SF:/Users/arunkramachandran/Learning/Overstock/src/components/Header.jsx
FN:11,(anonymous_0)
FN:12,(anonymous_1)
FNF:2
FNH:0
FNDA:0,(anonymous_0)
FNDA:0,(anonymous_1)
DA:12,0
DA:26,0
LF:2
LH:0
BRF:0
BRH:0
end_of_record
TN:
SF:/Users/arunkramachandran/Learning/Overstock/src/components/PageLayout.jsx
FN:7,(anonymous_0)
FNF:1
FNH:1
FNDA:1,(anonymous_0)
DA:8,1
LF:1
LH:1
BRF:0
BRH:0
end_of_record
TN:
SF:/Users/arunkramachandran/Learning/Overstock/src/components/page-layout.less
FN:11,(anonymous_0)
FN:18,(anonymous_1)
FNF:2
FNH:0
FNDA:0,(anonymous_0)
FNDA:0,(anonymous_1)
DA:4,1
DA:6,1
DA:7,1
DA:10,1
DA:12,0
DA:13,0
DA:15,0
DA:19,0
DA:23,0
DA:26,0
LF:10
LH:4
BRDA:6,0,0,1
BRDA:6,0,1,0
BRDA:6,1,0,1
BRDA:6,1,1,1
BRDA:12,2,0,0
BRDA:12,2,1,0
BRF:6
BRH:3
end_of_record
TN:
SF:/Users/arunkramachandran/Learning/Overstock/src/components/hello-world/index.jsx
FN:5,(anonymous_0)
FNF:1
FNH:0
FNDA:0,(anonymous_0)
DA:5,1
DA:6,0
LF:2
LH:1
BRF:0
BRH:0
end_of_record
TN:
SF:/Users/arunkramachandran/Learning/Overstock/src/constants/constant.js
FNF:0
FNH:0
DA:1,1
DA:3,1
DA:4,1
DA:5,1
LF:4
LH:4
BRF:0
BRH:0
end_of_record
TN:
SF:/Users/arunkramachandran/Learning/Overstock/src/containers/Home.jsx
FN:9,(anonymous_0)
FN:13,(anonymous_1)
FN:26,(anonymous_2)
FN:31,(anonymous_3)
FN:32,(anonymous_4)
FNF:5
FNH:0
FNDA:0,(anonymous_0)
FNDA:0,(anonymous_1)
FNDA:0,(anonymous_2)
FNDA:0,(anonymous_3)
FNDA:0,(anonymous_4)
DA:10,0
DA:14,0
DA:26,1
DA:31,1
DA:32,0
LF:5
LH:2
BRDA:17,0,0,0
BRDA:17,0,1,0
BRDA:27,1,0,0
BRDA:27,1,1,0
BRF:4
BRH:0
end_of_record
TN:
SF:/Users/arunkramachandran/Learning/Overstock/src/reducers/appReducer.js
FN:5,(anonymous_0)
FNF:1
FNH:1
FNDA:3,(anonymous_0)
DA:3,1
DA:5,1
DA:6,3
DA:8,3
DA:10,0
DA:16,0
DA:23,0
DA:29,3
LF:8
LH:5
BRDA:5,0,0,3
BRDA:8,1,0,0
BRDA:8,1,1,0
BRDA:8,1,2,0
BRDA:8,1,3,3
BRDA:19,2,0,0
BRDA:19,2,1,0
BRF:7
BRH:2
end_of_record
TN:
SF:/Users/arunkramachandran/Learning/Overstock/src/reducers/index.js
FNF:0
FNH:0
DA:4,1
LF:1
LH:1
BRF:0
BRH:0
end_of_record
TN:
SF:/Users/arunkramachandran/Learning/Overstock/src/routes/MainRouter.jsx
FN:6,(anonymous_0)
FNF:1
FNH:0
FNDA:0,(anonymous_0)
DA:7,0
LF:1
LH:0
BRF:0
BRH:0
end_of_record
TN:
SF:/Users/arunkramachandran/Learning/Overstock/src/store/configStore.js
FN:7,(anonymous_0)
FNF:1
FNH:1
FNDA:1,(anonymous_0)
DA:5,1
DA:7,1
DA:8,1
DA:15,1
LF:4
LH:4
BRF:0
BRH:0
end_of_record
